[debug] [2026-03-26T22:54:32.172Z] ----------------------------------------------------------------------
[debug] [2026-03-26T22:54:32.174Z] Command:       C:\Program Files\nodejs\node.exe C:\Users\CC\AppData\Roaming\npm\node_modules\firebase-tools\lib\bin\firebase.js init hosting
[debug] [2026-03-26T22:54:32.174Z] CLI Version:   15.11.0
[debug] [2026-03-26T22:54:32.174Z] Platform:      win32
[debug] [2026-03-26T22:54:32.174Z] Node Version:  v24.12.0
[debug] [2026-03-26T22:54:32.174Z] Time:          Thu Mar 26 2026 18:54:32 GMT-0400 (Eastern Daylight Time)
[debug] [2026-03-26T22:54:32.174Z] ----------------------------------------------------------------------
[debug] 
[debug] [2026-03-26T22:54:32.176Z] >>> [apiv2][query] GET https://firebase-public.firebaseio.com/cli.json [none]
[info] 
     ######## #### ########  ######## ########     ###     ######  ########
     ##        ##  ##     ## ##       ##     ##  ##   ##  ##       ##
     ######    ##  ########  ######   ########  #########  ######  ######
     ##        ##  ##    ##  ##       ##     ## ##     ##       ## ##
     ##       #### ##     ## ######## ########  ##     ##  ######  ########

You're about to initialize a Firebase project in this directory:

  C:\Users\CC\calorie-tracker

[debug] [2026-03-26T22:54:33.244Z] <<< [apiv2][status] GET https://firebase-public.firebaseio.com/cli.json 200
[debug] [2026-03-26T22:54:33.244Z] <<< [apiv2][body] GET https://firebase-public.firebaseio.com/cli.json {"cloudBuildErrorAfter":1594252800000,"cloudBuildWarnAfter":1590019200000,"defaultNode10After":1594252800000,"minVersion":"3.0.5","node8DeploysDisabledAfter":1613390400000,"node8RuntimeDisabledAfter":1615809600000,"node8WarnAfter":1600128000000}
[info] 
=== Project Setup
[info] 
[info] First, let's associate this project directory with a Firebase project.
[info] You can create multiple project aliases by running firebase use --add, 
[info] 
